c:\users\kdrain\documents\visual studio 2015\projects\arrmanip.cpp\debug\braille converter.bsc
c:\users\kdrain\documents\visual studio 2015\projects\arrmanip.cpp\braille converter\debug\braille converter.pch
c:\users\kdrain\documents\visual studio 2015\projects\arrmanip.cpp\braille converter\debug\vc140.pdb
c:\users\kdrain\documents\visual studio 2015\projects\arrmanip.cpp\braille converter\debug\vc140.idb
c:\users\kdrain\documents\visual studio 2015\projects\arrmanip.cpp\braille converter\debug\stdafx.sbr
c:\users\kdrain\documents\visual studio 2015\projects\arrmanip.cpp\braille converter\debug\stdafx.obj
c:\users\kdrain\documents\visual studio 2015\projects\arrmanip.cpp\braille converter\debug\braille.sbr
c:\users\kdrain\documents\visual studio 2015\projects\arrmanip.cpp\braille converter\debug\main.sbr
c:\users\kdrain\documents\visual studio 2015\projects\arrmanip.cpp\braille converter\debug\main.obj
c:\users\kdrain\documents\visual studio 2015\projects\arrmanip.cpp\braille converter\debug\braille.obj
c:\users\kdrain\documents\visual studio 2015\projects\arrmanip.cpp\debug\braille converter.ilk
c:\users\kdrain\documents\visual studio 2015\projects\arrmanip.cpp\debug\braille converter.exe
c:\users\kdrain\documents\visual studio 2015\projects\arrmanip.cpp\debug\braille converter.pdb
c:\users\kdrain\documents\visual studio 2015\projects\arrmanip.cpp\braille converter\debug\braille .ca73a7f5.tlog\bscmake.command.1.tlog
c:\users\kdrain\documents\visual studio 2015\projects\arrmanip.cpp\braille converter\debug\braille .ca73a7f5.tlog\bscmake.read.1.tlog
c:\users\kdrain\documents\visual studio 2015\projects\arrmanip.cpp\braille converter\debug\braille .ca73a7f5.tlog\bscmake.write.1.tlog
c:\users\kdrain\documents\visual studio 2015\projects\arrmanip.cpp\braille converter\debug\braille .ca73a7f5.tlog\cl.command.1.tlog
c:\users\kdrain\documents\visual studio 2015\projects\arrmanip.cpp\braille converter\debug\braille .ca73a7f5.tlog\cl.read.1.tlog
c:\users\kdrain\documents\visual studio 2015\projects\arrmanip.cpp\braille converter\debug\braille .ca73a7f5.tlog\cl.write.1.tlog
c:\users\kdrain\documents\visual studio 2015\projects\arrmanip.cpp\braille converter\debug\braille .ca73a7f5.tlog\link.command.1.tlog
c:\users\kdrain\documents\visual studio 2015\projects\arrmanip.cpp\braille converter\debug\braille .ca73a7f5.tlog\link.read.1.tlog
c:\users\kdrain\documents\visual studio 2015\projects\arrmanip.cpp\braille converter\debug\braille .ca73a7f5.tlog\link.write.1.tlog
